<?xml version="1.0" encoding="UTF-8"?>
<coverage generated="1742668041731" clover="3.2.0">
  <project timestamp="1742668041731" name="All files">
    <metrics statements="44" coveredstatements="21" conditionals="24" coveredconditionals="6" methods="14" coveredmethods="4" elements="82" coveredelements="31" complexity="0" loc="44" ncloc="44" packages="1" files="2" classes="2"/>
    <file name="chess_node.js" path="/home/amdev/repos/knights-travails/chess_node.js">
      <metrics statements="11" coveredstatements="11" conditionals="6" coveredconditionals="6" methods="3" coveredmethods="3"/>
      <line num="8" count="64" type="stmt"/>
      <line num="9" count="64" type="stmt"/>
      <line num="11" count="64" type="stmt"/>
      <line num="22" count="64" type="stmt"/>
      <line num="23" count="64" type="stmt"/>
      <line num="24" count="512" type="stmt"/>
      <line num="25" count="512" type="stmt"/>
      <line num="27" count="512" type="cond" truecount="6" falsecount="0"/>
      <line num="28" count="336" type="stmt"/>
      <line num="30" count="512" type="stmt"/>
      <line num="32" count="64" type="stmt"/>
    </file>
    <file name="index.js" path="/home/amdev/repos/knights-travails/index.js">
      <metrics statements="33" coveredstatements="10" conditionals="18" coveredconditionals="0" methods="11" coveredmethods="1"/>
      <line num="11" count="1" type="stmt"/>
      <line num="12" count="1" type="stmt"/>
      <line num="13" count="1" type="stmt"/>
      <line num="14" count="8" type="stmt"/>
      <line num="15" count="8" type="stmt"/>
      <line num="16" count="64" type="stmt"/>
      <line num="18" count="8" type="stmt"/>
      <line num="20" count="1" type="stmt"/>
      <line num="22" count="1" type="stmt"/>
      <line num="27" count="1" type="stmt"/>
      <line num="29" count="0" type="cond" truecount="0" falsecount="2"/>
      <line num="30" count="0" type="cond" truecount="0" falsecount="2"/>
      <line num="33" count="0" type="stmt"/>
      <line num="35" count="0" type="cond" truecount="0" falsecount="2"/>
      <line num="38" count="0" type="stmt"/>
      <line num="39" count="0" type="cond" truecount="0" falsecount="2"/>
      <line num="40" count="0" type="stmt"/>
      <line num="42" count="0" type="stmt"/>
      <line num="56" count="0" type="stmt"/>
      <line num="58" count="0" type="cond" truecount="0" falsecount="2"/>
      <line num="59" count="0" type="stmt"/>
      <line num="91" count="0" type="stmt"/>
      <line num="92" count="0" type="stmt"/>
      <line num="98" count="0" type="stmt"/>
      <line num="103" count="0" type="stmt"/>
      <line num="115" count="0" type="stmt"/>
      <line num="116" count="0" type="stmt"/>
      <line num="117" count="0" type="stmt"/>
      <line num="118" count="0" type="stmt"/>
      <line num="120" count="0" type="cond" truecount="0" falsecount="6"/>
      <line num="121" count="0" type="stmt"/>
      <line num="123" count="0" type="stmt"/>
      <line num="125" count="0" type="stmt"/>
    </file>
  </project>
</coverage>
