{"/home/amdev/repos/knights-travails/chess_node.js": {"path":"/home/amdev/repos/knights-travails/chess_node.js","statementMap":{"0":{"start":{"line":8,"column":4},"end":{"line":8,"column":35}},"1":{"start":{"line":9,"column":4},"end":{"line":9,"column":42}},"2":{"start":{"line":11,"column":13},"end":{"line":20,"column":3}},"3":{"start":{"line":22,"column":24},"end":{"line":22,"column":26}},"4":{"start":{"line":23,"column":19},"end":{"line":31,"column":10}},"5":{"start":{"line":24,"column":24},"end":{"line":24,"column":55}},"6":{"start":{"line":25,"column":24},"end":{"line":25,"column":55}},"7":{"start":{"line":27,"column":6},"end":{"line":29,"column":7}},"8":{"start":{"line":28,"column":8},"end":{"line":28,"column":49}},"9":{"start":{"line":30,"column":6},"end":{"line":30,"column":25}},"10":{"start":{"line":32,"column":4},"end":{"line":32,"column":18}}},"fnMap":{"0":{"name":"(anonymous_0)","decl":{"start":{"line":7,"column":2},"end":{"line":7,"column":3}},"loc":{"start":{"line":7,"column":27},"end":{"line":10,"column":3}},"line":7},"1":{"name":"(anonymous_1)","decl":{"start":{"line":21,"column":2},"end":{"line":21,"column":3}},"loc":{"start":{"line":21,"column":18},"end":{"line":33,"column":3}},"line":21},"2":{"name":"(anonymous_2)","decl":{"start":{"line":23,"column":40},"end":{"line":23,"column":41}},"loc":{"start":{"line":23,"column":65},"end":{"line":31,"column":5}},"line":23}},"branchMap":{"0":{"loc":{"start":{"line":27,"column":6},"end":{"line":29,"column":7}},"type":"if","locations":[{"start":{"line":27,"column":6},"end":{"line":29,"column":7}},{"start":{},"end":{}}],"line":27},"1":{"loc":{"start":{"line":27,"column":10},"end":{"line":27,"column":78}},"type":"binary-expr","locations":[{"start":{"line":27,"column":10},"end":{"line":27,"column":24}},{"start":{"line":27,"column":28},"end":{"line":27,"column":42}},{"start":{"line":27,"column":46},"end":{"line":27,"column":60}},{"start":{"line":27,"column":64},"end":{"line":27,"column":78}}],"line":27}},"s":{"0":64,"1":64,"2":64,"3":64,"4":64,"5":512,"6":512,"7":512,"8":336,"9":512,"10":64},"f":{"0":64,"1":64,"2":512},"b":{"0":[336,176],"1":[512,464,416,376]},"_coverageSchema":"1a1c01bbd47fc00a2c39e90264f33305004495a9","hash":"a184873cf21dc99ff6edc7986556df53a3f1fec6"}
,"/home/amdev/repos/knights-travails/index.js": {"path":"/home/amdev/repos/knights-travails/index.js","statementMap":{"0":{"start":{"line":11,"column":24},"end":{"line":11,"column":25}},"1":{"start":{"line":12,"column":18},"end":{"line":12,"column":20}},"2":{"start":{"line":13,"column":4},"end":{"line":19,"column":5}},"3":{"start":{"line":13,"column":24},"end":{"line":13,"column":25}},"4":{"start":{"line":14,"column":18},"end":{"line":14,"column":20}},"5":{"start":{"line":15,"column":6},"end":{"line":17,"column":7}},"6":{"start":{"line":15,"column":26},"end":{"line":15,"column":27}},"7":{"start":{"line":16,"column":8},"end":{"line":16,"column":54}},"8":{"start":{"line":18,"column":6},"end":{"line":18,"column":22}},"9":{"start":{"line":20,"column":4},"end":{"line":20,"column":17}},"10":{"start":{"line":22,"column":19},"end":{"line":22,"column":41}},"11":{"start":{"line":27,"column":28},"end":{"line":87,"column":3}},"12":{"start":{"line":29,"column":4},"end":{"line":29,"column":62}},"13":{"start":{"line":30,"column":4},"end":{"line":30,"column":50}},"14":{"start":{"line":33,"column":4},"end":{"line":33,"column":30}},"15":{"start":{"line":35,"column":4},"end":{"line":35,"column":51}},"16":{"start":{"line":35,"column":39},"end":{"line":35,"column":51}},"17":{"start":{"line":38,"column":6},"end":{"line":44,"column":9}},"18":{"start":{"line":39,"column":8},"end":{"line":41,"column":9}},"19":{"start":{"line":40,"column":10},"end":{"line":40,"column":33}},"20":{"start":{"line":42,"column":8},"end":{"line":42,"column":42}},"21":{"start":{"line":56,"column":6},"end":{"line":62,"column":8}},"22":{"start":{"line":58,"column":10},"end":{"line":60,"column":11}},"23":{"start":{"line":59,"column":12},"end":{"line":59,"column":24}},"24":{"start":{"line":91,"column":22},"end":{"line":91,"column":42}},"25":{"start":{"line":92,"column":4},"end":{"line":92,"column":38}},"26":{"start":{"line":98,"column":4},"end":{"line":98,"column":22}},"27":{"start":{"line":103,"column":20},"end":{"line":112,"column":5}},"28":{"start":{"line":115,"column":26},"end":{"line":115,"column":28}},"29":{"start":{"line":116,"column":21},"end":{"line":124,"column":12}},"30":{"start":{"line":117,"column":26},"end":{"line":117,"column":54}},"31":{"start":{"line":118,"column":26},"end":{"line":118,"column":54}},"32":{"start":{"line":120,"column":8},"end":{"line":122,"column":9}},"33":{"start":{"line":121,"column":10},"end":{"line":121,"column":51}},"34":{"start":{"line":123,"column":8},"end":{"line":123,"column":27}},"35":{"start":{"line":125,"column":6},"end":{"line":125,"column":20}}},"fnMap":{"0":{"name":"makeChessBoardMatrix","decl":{"start":{"line":9,"column":11},"end":{"line":9,"column":31}},"loc":{"start":{"line":9,"column":34},"end":{"line":21,"column":3}},"line":9},"1":{"name":"(anonymous_1)","decl":{"start":{"line":27,"column":28},"end":{"line":27,"column":29}},"loc":{"start":{"line":27,"column":68},"end":{"line":87,"column":3}},"line":27},"2":{"name":"initiatePathsCollection","decl":{"start":{"line":37,"column":13},"end":{"line":37,"column":36}},"loc":{"start":{"line":37,"column":39},"end":{"line":45,"column":5}},"line":37},"3":{"name":"(anonymous_3)","decl":{"start":{"line":38,"column":35},"end":{"line":38,"column":36}},"loc":{"start":{"line":38,"column":45},"end":{"line":44,"column":7}},"line":38},"4":{"name":"checkIfTargetNode","decl":{"start":{"line":55,"column":13},"end":{"line":55,"column":30}},"loc":{"start":{"line":55,"column":44},"end":{"line":63,"column":5}},"line":55},"5":{"name":"(anonymous_5)","decl":{"start":{"line":57,"column":29},"end":{"line":57,"column":30}},"loc":{"start":{"line":57,"column":39},"end":{"line":61,"column":9}},"line":57},"6":{"name":"checkIfVisited","decl":{"start":{"line":90,"column":18},"end":{"line":90,"column":32}},"loc":{"start":{"line":90,"column":59},"end":{"line":95,"column":3}},"line":90},"7":{"name":"createVertex","decl":{"start":{"line":97,"column":11},"end":{"line":97,"column":23}},"loc":{"start":{"line":97,"column":40},"end":{"line":99,"column":3}},"line":97},"8":{"name":"getAdjVertices","decl":{"start":{"line":101,"column":11},"end":{"line":101,"column":25}},"loc":{"start":{"line":101,"column":28},"end":{"line":127,"column":3}},"line":101},"9":{"name":"getValidMoves","decl":{"start":{"line":114,"column":13},"end":{"line":114,"column":26}},"loc":{"start":{"line":114,"column":42},"end":{"line":126,"column":5}},"line":114},"10":{"name":"(anonymous_10)","decl":{"start":{"line":116,"column":36},"end":{"line":116,"column":37}},"loc":{"start":{"line":116,"column":61},"end":{"line":124,"column":7}},"line":116}},"branchMap":{"0":{"loc":{"start":{"line":29,"column":22},"end":{"line":29,"column":61}},"type":"cond-expr","locations":[{"start":{"line":29,"column":41},"end":{"line":29,"column":43}},{"start":{"line":29,"column":46},"end":{"line":29,"column":61}}],"line":29},"1":{"loc":{"start":{"line":30,"column":18},"end":{"line":30,"column":49}},"type":"cond-expr","locations":[{"start":{"line":30,"column":33},"end":{"line":30,"column":35}},{"start":{"line":30,"column":38},"end":{"line":30,"column":49}}],"line":30},"2":{"loc":{"start":{"line":35,"column":4},"end":{"line":35,"column":51}},"type":"if","locations":[{"start":{"line":35,"column":4},"end":{"line":35,"column":51}},{"start":{},"end":{}}],"line":35},"3":{"loc":{"start":{"line":39,"column":8},"end":{"line":41,"column":9}},"type":"if","locations":[{"start":{"line":39,"column":8},"end":{"line":41,"column":9}},{"start":{},"end":{}}],"line":39},"4":{"loc":{"start":{"line":57,"column":8},"end":{"line":61,"column":19}},"type":"binary-expr","locations":[{"start":{"line":57,"column":8},"end":{"line":61,"column":10}},{"start":{"line":61,"column":14},"end":{"line":61,"column":19}}],"line":57},"5":{"loc":{"start":{"line":58,"column":10},"end":{"line":60,"column":11}},"type":"if","locations":[{"start":{"line":58,"column":10},"end":{"line":60,"column":11}},{"start":{},"end":{}}],"line":58},"6":{"loc":{"start":{"line":120,"column":8},"end":{"line":122,"column":9}},"type":"if","locations":[{"start":{"line":120,"column":8},"end":{"line":122,"column":9}},{"start":{},"end":{}}],"line":120},"7":{"loc":{"start":{"line":120,"column":12},"end":{"line":120,"column":80}},"type":"binary-expr","locations":[{"start":{"line":120,"column":12},"end":{"line":120,"column":26}},{"start":{"line":120,"column":30},"end":{"line":120,"column":44}},{"start":{"line":120,"column":48},"end":{"line":120,"column":62}},{"start":{"line":120,"column":66},"end":{"line":120,"column":80}}],"line":120}},"s":{"0":1,"1":1,"2":1,"3":1,"4":8,"5":8,"6":8,"7":64,"8":8,"9":1,"10":1,"11":1,"12":0,"13":0,"14":0,"15":0,"16":0,"17":0,"18":0,"19":0,"20":0,"21":0,"22":0,"23":0,"24":0,"25":0,"26":0,"27":0,"28":0,"29":0,"30":0,"31":0,"32":0,"33":0,"34":0,"35":0},"f":{"0":1,"1":0,"2":0,"3":0,"4":0,"5":0,"6":0,"7":0,"8":0,"9":0,"10":0},"b":{"0":[0,0],"1":[0,0],"2":[0,0],"3":[0,0],"4":[0,0],"5":[0,0],"6":[0,0],"7":[0,0,0,0]},"_coverageSchema":"1a1c01bbd47fc00a2c39e90264f33305004495a9","hash":"0a2188579470cfdf1b20a89237ec0372ae03bc6a"}
}
