TN:
SF:chess_node.js
FN:7,(anonymous_0)
FN:21,(anonymous_1)
FN:23,(anonymous_2)
FNF:3
FNH:3
FNDA:64,(anonymous_0)
FNDA:64,(anonymous_1)
FNDA:512,(anonymous_2)
DA:8,64
DA:9,64
DA:11,64
DA:22,64
DA:23,64
DA:24,512
DA:25,512
DA:27,512
DA:28,336
DA:30,512
DA:32,64
LF:11
LH:11
BRDA:27,0,0,336
BRDA:27,0,1,176
BRDA:27,1,0,512
BRDA:27,1,1,464
BRDA:27,1,2,416
BRDA:27,1,3,376
BRF:6
BRH:6
end_of_record
TN:
SF:index.js
FN:9,makeChessBoardMatrix
FN:27,(anonymous_1)
FN:37,initiatePathsCollection
FN:38,(anonymous_3)
FN:55,checkIfTargetNode
FN:57,(anonymous_5)
FN:90,checkIfVisited
FN:97,createVertex
FN:101,getAdjVertices
FN:114,getValidMoves
FN:116,(anonymous_10)
FNF:11
FNH:1
FNDA:1,makeChessBoardMatrix
FNDA:0,(anonymous_1)
FNDA:0,initiatePathsCollection
FNDA:0,(anonymous_3)
FNDA:0,checkIfTargetNode
FNDA:0,(anonymous_5)
FNDA:0,checkIfVisited
FNDA:0,createVertex
FNDA:0,getAdjVertices
FNDA:0,getValidMoves
FNDA:0,(anonymous_10)
DA:11,1
DA:12,1
DA:13,1
DA:14,8
DA:15,8
DA:16,64
DA:18,8
DA:20,1
DA:22,1
DA:27,1
DA:29,0
DA:30,0
DA:33,0
DA:35,0
DA:38,0
DA:39,0
DA:40,0
DA:42,0
DA:56,0
DA:58,0
DA:59,0
DA:91,0
DA:92,0
DA:98,0
DA:103,0
DA:115,0
DA:116,0
DA:117,0
DA:118,0
DA:120,0
DA:121,0
DA:123,0
DA:125,0
LF:33
LH:10
BRDA:29,0,0,0
BRDA:29,0,1,0
BRDA:30,1,0,0
BRDA:30,1,1,0
BRDA:35,2,0,0
BRDA:35,2,1,0
BRDA:39,3,0,0
BRDA:39,3,1,0
BRDA:57,4,0,0
BRDA:57,4,1,0
BRDA:58,5,0,0
BRDA:58,5,1,0
BRDA:120,6,0,0
BRDA:120,6,1,0
BRDA:120,7,0,0
BRDA:120,7,1,0
BRDA:120,7,2,0
BRDA:120,7,3,0
BRF:18
BRH:0
end_of_record
